{
  "stats": {
    "suites": 1,
    "tests": 1,
    "passes": 1,
    "pending": 0,
    "failures": 0,
    "start": "2023-11-02T07:57:38.411Z",
    "end": "2023-11-02T07:57:40.982Z",
    "duration": 2571,
    "testsRegistered": 1,
    "passPercent": 100,
    "pendingPercent": 0,
    "other": 0,
    "hasOther": false,
    "skipped": 0,
    "hasSkipped": false
  },
  "results": [
    {
      "uuid": "7fa1c1d3-6d9f-4941-8a5f-762d1d538fb9",
      "title": "",
      "fullFile": "cypress\\e2e\\examples\\APITesting\\HeadersAndCookies.cy.js",
      "file": "cypress\\e2e\\examples\\APITesting\\HeadersAndCookies.cy.js",
      "beforeHooks": [],
      "afterHooks": [],
      "tests": [],
      "suites": [
        {
          "uuid": "a5e7a483-406b-4209-bff9-c3eae1f572b8",
          "title": "API Testing",
          "fullFile": "",
          "file": "",
          "beforeHooks": [],
          "afterHooks": [],
          "tests": [
            {
              "title": "Fetching the orders",
              "fullTitle": "API Testing Fetching the orders",
              "timedOut": null,
              "duration": 2528,
              "state": "passed",
              "speed": "fast",
              "pass": true,
              "fail": false,
              "pending": false,
              "context": null,
              "code": "cy.request({\n  method: 'GET',\n  url: 'https://simple-books-api.glitch.me/orders',\n  headers: {\n    'Content-Type': 'application/json',\n    'Authorization': 'Bearer ' + authToken\n  },\n  cookies: {\n    'cookiesName': 'mycookie'\n  }\n}).then(function (response) {\n  expect(response.status).to.eq(200);\n  expect(response.body).has.length(1);\n});",
              "err": {},
              "uuid": "50e0254e-571f-4005-9360-acb04f7bd12a",
              "parentUUID": "a5e7a483-406b-4209-bff9-c3eae1f572b8",
              "isHook": false,
              "skipped": false
            }
          ],
          "suites": [],
          "passes": [
            "50e0254e-571f-4005-9360-acb04f7bd12a"
          ],
          "failures": [],
          "pending": [],
          "skipped": [],
          "duration": 2528,
          "root": false,
          "rootEmpty": false,
          "_timeout": 2000
        }
      ],
      "passes": [],
      "failures": [],
      "pending": [],
      "skipped": [],
      "duration": 0,
      "root": true,
      "rootEmpty": true,
      "_timeout": 2000
    }
  ],
  "meta": {
    "mocha": {
      "version": "7.0.1"
    },
    "mochawesome": {
      "options": {
        "quiet": false,
        "reportFilename": "mochawesome",
        "saveHtml": false,
        "saveJson": true,
        "consoleReporter": "spec",
        "useInlineDiffs": false,
        "code": true
      },
      "version": "7.1.3"
    },
    "marge": {
      "options": {
        "overwrite": false,
        "html": false,
        "json": true,
        "reportDir": "cypress\\reports\\html\\.jsons"
      },
      "version": "6.2.0"
    }
  }
}