{
  "stats": {
    "suites": 1,
    "tests": 1,
    "passes": 1,
    "pending": 0,
    "failures": 0,
    "start": "2023-10-29T08:24:08.582Z",
    "end": "2023-10-29T08:24:12.976Z",
    "duration": 4394,
    "testsRegistered": 1,
    "passPercent": 100,
    "pendingPercent": 0,
    "other": 0,
    "hasOther": false,
    "skipped": 0,
    "hasSkipped": false
  },
  "results": [
    {
      "uuid": "fb9d08b3-deb2-4c18-882c-09788661ab6a",
      "title": "",
      "fullFile": "cypress\\integration\\examples\\Test1.js",
      "file": "cypress\\integration\\examples\\Test1.js",
      "beforeHooks": [],
      "afterHooks": [],
      "tests": [],
      "suites": [
        {
          "uuid": "98de961f-4963-4580-849e-b8520d761833",
          "title": "My First Test Suite",
          "fullFile": "",
          "file": "",
          "beforeHooks": [],
          "afterHooks": [],
          "tests": [
            {
              "title": "My First test case",
              "fullTitle": "My First Test Suite My First test case",
              "timedOut": null,
              "duration": 2672,
              "state": "passed",
              "speed": "fast",
              "pass": true,
              "fail": false,
              "pending": false,
              "context": null,
              "code": "// test steps\ncy.visit(\"https://rahulshettyacademy.com/seleniumPractise/#/\");\n// in selenium get is used to open the url in cypress it's work like findelement\ncy.get('input.search-keyword').type('ca');\n//cy.wait(2000);\ncy.get('.product:visible').should('have.length', 4);\ncy.get('div.products').as('productLocator'); // we can use alising like this if we'll use it mutliple time same locator\n//parent child chaining - it'll go inside parent first then try to find inside all elements in child\ncy.get('@productLocator').find('.product').should('have.length', 4);\n//click on the second element\n//cy.get('div.products').find('.product').eq(1).contains('ADD TO CART').click();\n//click the product name via searching it's name first\ncy.get('@productLocator').find('.product').each(function ($el, index, $list) {\n  var vegText = $el.find('h4.product-name').text();\n  if (vegText.includes('Cashews')) {\n    cy.wrap($el).find('button').click(); // we use cy.wrape to resolve the pomise then click method will work with find method else it's get depricated.\n  }\n});\n// assert if logo text is correctly display\ncy.get('div.brand').should('have.text', 'GREENKART');\n//this is to print in log\ncy.get('div.brand').then(function (logoElement) {\n  cy.log(logoElement.text()); // print that dom element value in log so handle that one need promise becaue .text() method is not cypress command if it'll cypress command then promise will handle by cypress automatically\n}) // cypress is support jquery method and text is jquery method\n.then(function () {\n  console.log('Hi');\n});",
              "err": {},
              "uuid": "dd77894c-f43b-442e-9edc-c53373881d27",
              "parentUUID": "98de961f-4963-4580-849e-b8520d761833",
              "isHook": false,
              "skipped": false
            }
          ],
          "suites": [],
          "passes": [
            "dd77894c-f43b-442e-9edc-c53373881d27"
          ],
          "failures": [],
          "pending": [],
          "skipped": [],
          "duration": 2672,
          "root": false,
          "rootEmpty": false,
          "_timeout": 2000
        }
      ],
      "passes": [],
      "failures": [],
      "pending": [],
      "skipped": [],
      "duration": 0,
      "root": true,
      "rootEmpty": true,
      "_timeout": 2000
    }
  ],
  "meta": {
    "mocha": {
      "version": "7.0.1"
    },
    "mochawesome": {
      "options": {
        "quiet": false,
        "reportFilename": "mochawesome",
        "saveHtml": false,
        "saveJson": true,
        "consoleReporter": "spec",
        "useInlineDiffs": false,
        "code": true
      },
      "version": "7.1.3"
    },
    "marge": {
      "options": {
        "overwrite": false,
        "html": false,
        "json": true,
        "reportDir": "cypress\\reports\\html\\.jsons"
      },
      "version": "6.2.0"
    }
  }
}