{
  "stats": {
    "suites": 1,
    "tests": 1,
    "passes": 1,
    "pending": 0,
    "failures": 0,
    "start": "2023-11-01T09:53:32.168Z",
    "end": "2023-11-01T09:53:33.771Z",
    "duration": 1603,
    "testsRegistered": 1,
    "passPercent": 100,
    "pendingPercent": 0,
    "other": 0,
    "hasOther": false,
    "skipped": 0,
    "hasSkipped": false
  },
  "results": [
    {
      "uuid": "a5f46234-41e4-4b12-bfe4-be2a7444dd32",
      "title": "",
      "fullFile": "cypress\\integration\\examples\\APITesting\\POSTCall.js",
      "file": "cypress\\integration\\examples\\APITesting\\POSTCall.js",
      "beforeHooks": [],
      "afterHooks": [],
      "tests": [],
      "suites": [
        {
          "uuid": "2f14b42c-fd65-42e1-9674-95eb20cc8c15",
          "title": "API Testing",
          "fullFile": "",
          "file": "",
          "beforeHooks": [],
          "afterHooks": [],
          "tests": [
            {
              "title": "Approach-2 Dynamically generating json object",
              "fullTitle": "API Testing Approach-2 Dynamically generating json object",
              "timedOut": null,
              "duration": 1569,
              "state": "passed",
              "speed": "fast",
              "pass": true,
              "fail": false,
              "pending": false,
              "context": null,
              "code": "var requestBody = {\n  tourist_name: Math.random().toString(5).substring(2),\n  tourist_email: Math.random().toString(5).substring(2) + \"@gmail.com\",\n  tourist_location: \"India\"\n};\ncy.request({\n  method: 'POST',\n  url: 'http://restapi.adequateshop.com/api/Tourist',\n  body: requestBody\n}).then(function (response) {\n  expect(response.status).to.eq(201);\n  expect(response.body.tourist_name).to.eq(requestBody.tourist_name);\n  expect(response.body.tourist_email).to.eq(requestBody.tourist_email);\n  expect(response.body.tourist_location).to.eq(requestBody.tourist_location);\n});",
              "err": {},
              "uuid": "31cff954-6e84-4469-976c-4b7e960e26ad",
              "parentUUID": "2f14b42c-fd65-42e1-9674-95eb20cc8c15",
              "isHook": false,
              "skipped": false
            }
          ],
          "suites": [],
          "passes": [
            "31cff954-6e84-4469-976c-4b7e960e26ad"
          ],
          "failures": [],
          "pending": [],
          "skipped": [],
          "duration": 1569,
          "root": false,
          "rootEmpty": false,
          "_timeout": 2000
        }
      ],
      "passes": [],
      "failures": [],
      "pending": [],
      "skipped": [],
      "duration": 0,
      "root": true,
      "rootEmpty": true,
      "_timeout": 2000
    }
  ],
  "meta": {
    "mocha": {
      "version": "7.0.1"
    },
    "mochawesome": {
      "options": {
        "quiet": false,
        "reportFilename": "mochawesome",
        "saveHtml": false,
        "saveJson": true,
        "consoleReporter": "spec",
        "useInlineDiffs": false,
        "code": true
      },
      "version": "7.1.3"
    },
    "marge": {
      "options": {
        "overwrite": false,
        "html": false,
        "json": true,
        "reportDir": "cypress\\reports\\html\\.jsons"
      },
      "version": "6.2.0"
    }
  }
}