{
  "stats": {
    "suites": 1,
    "tests": 1,
    "passes": 0,
    "pending": 0,
    "failures": 1,
    "start": "2023-11-01T10:06:59.453Z",
    "end": "2023-11-01T10:07:00.200Z",
    "duration": 747,
    "testsRegistered": 1,
    "passPercent": 0,
    "pendingPercent": 0,
    "other": 0,
    "hasOther": false,
    "skipped": 0,
    "hasSkipped": false
  },
  "results": [
    {
      "uuid": "c948fd26-77e6-4af4-9c5d-af9730a3d1e1",
      "title": "",
      "fullFile": "cypress\\integration\\examples\\APITesting\\POSTCall.js",
      "file": "cypress\\integration\\examples\\APITesting\\POSTCall.js",
      "beforeHooks": [],
      "afterHooks": [],
      "tests": [],
      "suites": [
        {
          "uuid": "1c592791-e731-461e-9e42-d575b74adf53",
          "title": "API Testing",
          "fullFile": "",
          "file": "",
          "beforeHooks": [],
          "afterHooks": [],
          "tests": [
            {
              "title": "Approach-3 getting JSON data from fixture file",
              "fullTitle": "API Testing Approach-3 getting JSON data from fixture file",
              "timedOut": null,
              "duration": 341,
              "state": "failed",
              "speed": null,
              "pass": false,
              "fail": true,
              "pending": false,
              "context": "{\n  \"title\": \"cypress-mochawesome-reporter-screenshots\",\n  \"value\": [\n    [\n      \"\\\\POSTCall.js\\\\API Testing -- Approach-3 getting JSON data from fixture file (failed).png\"\n    ],\n    [\n      \"\\\\POSTCall.js\\\\API Testing -- Approach-3 getting JSON data from fixture file (failed) (attempt 2).png\"\n    ]\n  ]\n}",
              "code": "cy.fixture('tourist').then(function (Data) {\n  cy.request({\n    method: 'POST',\n    url: 'http://restapi.adequateshop.com/api/Tourist',\n    body: requestBody\n  }).then(function (response) {\n    expect(response.status).to.eq(201);\n    expect(response.body.tourist_name).to.eq(data.tourist_name);\n    expect(response.body.tourist_email).to.eq(data.tourist_email);\n    expect(response.body.tourist_location).to.eq(data.tourist_location);\n  });\n});",
              "err": {
                "message": "ReferenceError: requestBody is not defined",
                "estack": "ReferenceError: requestBody is not defined\n    at Context.eval (cypress/integration/examples/APITesting/POSTCall.js:51:15)",
                "diff": null
              },
              "uuid": "535ef3f8-4d21-47b4-9ff9-22a8d5e894ed",
              "parentUUID": "1c592791-e731-461e-9e42-d575b74adf53",
              "isHook": false,
              "skipped": false
            }
          ],
          "suites": [],
          "passes": [],
          "failures": [
            "535ef3f8-4d21-47b4-9ff9-22a8d5e894ed"
          ],
          "pending": [],
          "skipped": [],
          "duration": 341,
          "root": false,
          "rootEmpty": false,
          "_timeout": 2000
        }
      ],
      "passes": [],
      "failures": [],
      "pending": [],
      "skipped": [],
      "duration": 0,
      "root": true,
      "rootEmpty": true,
      "_timeout": 2000
    }
  ],
  "meta": {
    "mocha": {
      "version": "7.0.1"
    },
    "mochawesome": {
      "options": {
        "quiet": false,
        "reportFilename": "mochawesome",
        "saveHtml": false,
        "saveJson": true,
        "consoleReporter": "spec",
        "useInlineDiffs": false,
        "code": true
      },
      "version": "7.1.3"
    },
    "marge": {
      "options": {
        "overwrite": false,
        "html": false,
        "json": true,
        "reportDir": "cypress\\reports\\html\\.jsons"
      },
      "version": "6.2.0"
    }
  }
}