{
  "stats": {
    "suites": 1,
    "tests": 1,
    "passes": 0,
    "pending": 0,
    "failures": 1,
    "start": "2023-10-29T08:24:52.033Z",
    "end": "2023-10-29T08:25:10.460Z",
    "duration": 18427,
    "testsRegistered": 1,
    "passPercent": 0,
    "pendingPercent": 0,
    "other": 0,
    "hasOther": false,
    "skipped": 0,
    "hasSkipped": false
  },
  "results": [
    {
      "uuid": "8b486472-5270-4f21-a43b-9d2d14ef715c",
      "title": "",
      "fullFile": "cypress\\integration\\examples\\Test5.js",
      "file": "cypress\\integration\\examples\\Test5.js",
      "beforeHooks": [],
      "afterHooks": [],
      "tests": [],
      "suites": [
        {
          "uuid": "50fd3ee3-ec0c-4544-8e51-1a0d8c595d35",
          "title": "My Fifth Test Suite",
          "fullFile": "",
          "file": "",
          "beforeHooks": [],
          "afterHooks": [],
          "tests": [
            {
              "title": "Filter The products based on the prices",
              "fullTitle": "My Fifth Test Suite Filter The products based on the prices",
              "timedOut": null,
              "duration": 7199,
              "state": "failed",
              "speed": null,
              "pass": false,
              "fail": true,
              "pending": false,
              "context": "{\n  \"title\": \"cypress-mochawesome-reporter-screenshots\",\n  \"value\": [\n    [\n      \"\\\\Test5.js\\\\My Fifth Test Suite -- Filter The products based on the prices (failed).png\"\n    ],\n    [\n      \"\\\\Test5.js\\\\My Fifth Test Suite -- Filter The products based on the prices (failed) (attempt 2).png\"\n    ]\n  ]\n}",
              "code": "cy.visit(Cypress.env('url'));\ncy.get(\"#ap_email\").type(\"dasarindam469@gmail.com\");\ncy.get('.a-button-inner > #continue').click();\ncy.get(\"#ap_password\").type(\"Arindam@123\");\ncy.get(\"#signInSubmit\").click();\ncy.get(\"#twotabsearchtextbox\").type(\"iPhone 15\").type('{enter}');\ncy.get(\"#search h2 a\").invoke('removeAttr', 'target').first().click();\n//cy.get(\"a-size-medium a-color-base a-text-normal\").invoke('removeAttr','target').first().click();\ncy.get(\"#add-to-wishlist-button-submit\").click();\ncy.get('a[href$=\"view_your_list\"]').click();\n// Expected product name\nvar expectedProductName = \"Apple iPhone 15 (128 GB) - Blue\";\n// Select the element with the given CSS selector\ncy.get('#itemName_I1AWCN2E7C2ZSD').invoke('text').then(function (actualProductName) {\n  // Use expect to compare the actual product name with the expected one\n  actualProductName = actualProductName.trim();\n  expect(actualProductName).to.equal(expectedProductName);\n});",
              "err": {
                "message": "AssertionError: Timed out retrying after 6000ms: Expected to find element: `#ap_email`, but never found it.",
                "estack": "AssertionError: Timed out retrying after 6000ms: Expected to find element: `#ap_email`, but never found it.\n    at Context.eval (cypress/integration/examples/Test5.js:22:7)",
                "diff": null
              },
              "uuid": "76984ce4-3a33-4bae-a03c-d569b0accaba",
              "parentUUID": "50fd3ee3-ec0c-4544-8e51-1a0d8c595d35",
              "isHook": false,
              "skipped": false
            }
          ],
          "suites": [],
          "passes": [],
          "failures": [
            "76984ce4-3a33-4bae-a03c-d569b0accaba"
          ],
          "pending": [],
          "skipped": [],
          "duration": 7199,
          "root": false,
          "rootEmpty": false,
          "_timeout": 2000
        }
      ],
      "passes": [],
      "failures": [],
      "pending": [],
      "skipped": [],
      "duration": 0,
      "root": true,
      "rootEmpty": true,
      "_timeout": 2000
    }
  ],
  "meta": {
    "mocha": {
      "version": "7.0.1"
    },
    "mochawesome": {
      "options": {
        "quiet": false,
        "reportFilename": "mochawesome",
        "saveHtml": false,
        "saveJson": true,
        "consoleReporter": "spec",
        "useInlineDiffs": false,
        "code": true
      },
      "version": "7.1.3"
    },
    "marge": {
      "options": {
        "overwrite": false,
        "html": false,
        "json": true,
        "reportDir": "cypress\\reports\\html\\.jsons"
      },
      "version": "6.2.0"
    }
  }
}