{
  "stats": {
    "suites": 1,
    "tests": 1,
    "passes": 1,
    "pending": 0,
    "failures": 0,
    "start": "2023-10-29T08:25:29.204Z",
    "end": "2023-10-29T08:25:38.288Z",
    "duration": 9084,
    "testsRegistered": 1,
    "passPercent": 100,
    "pendingPercent": 0,
    "other": 0,
    "hasOther": false,
    "skipped": 0,
    "hasSkipped": false
  },
  "results": [
    {
      "uuid": "ac2a8456-492a-4522-89d7-27ccd13f7509",
      "title": "",
      "fullFile": "cypress\\integration\\examples\\TestFrameWork.js",
      "file": "cypress\\integration\\examples\\TestFrameWork.js",
      "beforeHooks": [],
      "afterHooks": [],
      "tests": [],
      "suites": [
        {
          "uuid": "b9e027b6-ff3f-4ce8-b5a5-85e3026b95e6",
          "title": "My Fifth Test Suite",
          "fullFile": "",
          "file": "",
          "beforeHooks": [],
          "afterHooks": [],
          "tests": [
            {
              "title": "data drive from fixture",
              "fullTitle": "My Fifth Test Suite data drive from fixture",
              "timedOut": null,
              "duration": 7373,
              "state": "passed",
              "speed": "medium",
              "pass": true,
              "fail": false,
              "pending": false,
              "context": null,
              "code": "var homePage = new _HomePage[\"default\"]();\nvar productPage = new _ProductsPage[\"default\"]();\nvar checkOutPage = new _CheckOutPage[\"default\"]();\nvar purchasePage = new _PurchasePage[\"default\"]();\ncy.visit(Cypress.env('url')); // access the url via global variable\nhomePage.getNameBox().type(this.data.name);\nhomePage.getGender().select(this.data.gender);\nhomePage.twoWayDatabindingTextBox().should('have.value', this.data.name);\nhomePage.checkLengthOfTheTextBox().should('have.attr', 'minlength', 2);\nhomePage.entrepreneurRadioButton().should('be.disabled');\nhomePage.shopTab().click();\nthis.data.productName.forEach(function (element) {\n  // run multiple time based on the index present in the productName array in example.json file\n  cy.selectProduct(element);\n});\nproductPage.checkOutButton().click();\ncheckOutPage.verifyThePrice();\ncheckOutPage.checkOutButton().click();\npurchasePage.deliveryCountryBox().type('India');\n// Cypress.config('defaultCommandTimeout', 6000);  // like this also we can set wait and it'll only applicable for this specs steps\npurchasePage.selectIndiaasCountry().click();\npurchasePage.purchaseCheckBox().click({\n  force: true\n});\npurchasePage.purchaseButton().click();\npurchasePage.verifySuccessMessage();",
              "err": {},
              "uuid": "2de5472a-33cf-4734-8664-05623a2bee9d",
              "parentUUID": "b9e027b6-ff3f-4ce8-b5a5-85e3026b95e6",
              "isHook": false,
              "skipped": false
            }
          ],
          "suites": [],
          "passes": [
            "2de5472a-33cf-4734-8664-05623a2bee9d"
          ],
          "failures": [],
          "pending": [],
          "skipped": [],
          "duration": 7373,
          "root": false,
          "rootEmpty": false,
          "_timeout": 2000
        }
      ],
      "passes": [],
      "failures": [],
      "pending": [],
      "skipped": [],
      "duration": 0,
      "root": true,
      "rootEmpty": true,
      "_timeout": 2000
    }
  ],
  "meta": {
    "mocha": {
      "version": "7.0.1"
    },
    "mochawesome": {
      "options": {
        "quiet": false,
        "reportFilename": "mochawesome",
        "saveHtml": false,
        "saveJson": true,
        "consoleReporter": "spec",
        "useInlineDiffs": false,
        "code": true
      },
      "version": "7.1.3"
    },
    "marge": {
      "options": {
        "overwrite": false,
        "html": false,
        "json": true,
        "reportDir": "cypress\\reports\\html\\.jsons"
      },
      "version": "6.2.0"
    }
  }
}