{
  "stats": {
    "suites": 1,
    "tests": 1,
    "passes": 1,
    "pending": 0,
    "failures": 0,
    "start": "2023-11-02T07:58:03.898Z",
    "end": "2023-11-02T07:58:05.301Z",
    "duration": 1403,
    "testsRegistered": 1,
    "passPercent": 100,
    "pendingPercent": 0,
    "other": 0,
    "hasOther": false,
    "skipped": 0,
    "hasSkipped": false
  },
  "results": [
    {
      "uuid": "4502af1c-6668-4bde-b61c-4ef8c2596b6d",
      "title": "",
      "fullFile": "cypress\\e2e\\examples\\APITesting\\QueryParams.cy.js",
      "file": "cypress\\e2e\\examples\\APITesting\\QueryParams.cy.js",
      "beforeHooks": [],
      "afterHooks": [],
      "tests": [],
      "suites": [
        {
          "uuid": "feb86878-95af-47a5-a680-9a390ae9ad17",
          "title": "API Testing",
          "fullFile": "",
          "file": "",
          "beforeHooks": [],
          "afterHooks": [],
          "tests": [
            {
              "title": "PAssing Query parameter",
              "fullTitle": "API Testing PAssing Query parameter",
              "timedOut": null,
              "duration": 1328,
              "state": "passed",
              "speed": "fast",
              "pass": true,
              "fail": false,
              "pending": false,
              "context": null,
              "code": "cy.request({\n  method: 'GET',\n  url: 'https://reqres.in/api/users',\n  // qs : {page : 2}\n  qs: queryParameter\n}).then(function (response) {\n  expect(response.status).to.eq(200);\n  expect(response.status).equal(200);\n  expect(response.body.page).to.eq(2);\n  expect(response.body.data).has.length(6);\n  expect(response.body.data[0]).has.property('id', 7);\n  expect(response.body.data[0]).has.property('first_name', \"Michael\");\n});",
              "err": {},
              "uuid": "580702af-45e3-40aa-9049-00e2821413b0",
              "parentUUID": "feb86878-95af-47a5-a680-9a390ae9ad17",
              "isHook": false,
              "skipped": false
            }
          ],
          "suites": [],
          "passes": [
            "580702af-45e3-40aa-9049-00e2821413b0"
          ],
          "failures": [],
          "pending": [],
          "skipped": [],
          "duration": 1328,
          "root": false,
          "rootEmpty": false,
          "_timeout": 2000
        }
      ],
      "passes": [],
      "failures": [],
      "pending": [],
      "skipped": [],
      "duration": 0,
      "root": true,
      "rootEmpty": true,
      "_timeout": 2000
    }
  ],
  "meta": {
    "mocha": {
      "version": "7.0.1"
    },
    "mochawesome": {
      "options": {
        "quiet": false,
        "reportFilename": "mochawesome",
        "saveHtml": false,
        "saveJson": true,
        "consoleReporter": "spec",
        "useInlineDiffs": false,
        "code": true
      },
      "version": "7.1.3"
    },
    "marge": {
      "options": {
        "overwrite": false,
        "html": false,
        "json": true,
        "reportDir": "cypress\\reports\\html\\.jsons"
      },
      "version": "6.2.0"
    }
  }
}