{
  "stats": {
    "suites": 1,
    "tests": 1,
    "passes": 0,
    "pending": 0,
    "failures": 1,
    "start": "2023-11-01T09:33:09.580Z",
    "end": "2023-11-01T09:33:11.189Z",
    "duration": 1609,
    "testsRegistered": 1,
    "passPercent": 0,
    "pendingPercent": 0,
    "other": 0,
    "hasOther": false,
    "skipped": 0,
    "hasSkipped": false
  },
  "results": [
    {
      "uuid": "79f78657-d65b-4cc2-b2af-44fdf0ffc148",
      "title": "",
      "fullFile": "cypress\\integration\\examples\\APITesting\\POSTCall.js",
      "file": "cypress\\integration\\examples\\APITesting\\POSTCall.js",
      "beforeHooks": [],
      "afterHooks": [],
      "tests": [],
      "suites": [
        {
          "uuid": "ef8224f1-0b8f-42bf-989f-c62835a969c5",
          "title": "API Testing",
          "fullFile": "",
          "file": "",
          "beforeHooks": [],
          "afterHooks": [],
          "tests": [
            {
              "title": "Approach-1 Hard coded json object",
              "fullTitle": "API Testing Approach-1 Hard coded json object",
              "timedOut": null,
              "duration": 383,
              "state": "failed",
              "speed": null,
              "pass": false,
              "fail": true,
              "pending": false,
              "context": "{\n  \"title\": \"cypress-mochawesome-reporter-screenshots\",\n  \"value\": [\n    [\n      \"\\\\POSTCall.js\\\\API Testing -- Approach-1 Hard coded json object (failed).png\"\n    ],\n    [\n      \"\\\\POSTCall.js\\\\API Testing -- Approach-1 Hard coded json object (failed) (attempt 2).png\"\n    ]\n  ]\n}",
              "code": "var responseBody = {\n  tourist_name: \"MSD\",\n  tourist_email: \"INDCAP@gmail.com\",\n  tourist_location: \"India\"\n};\ncy.request({\n  method: 'POST',\n  url: 'http://restapi.adequateshop.com/api/Tourist',\n  body: responseBody\n}).then(function (response) {\n  expect(response.status).to.eq(201);\n  expect(response.body.tourist_name).to.eq(\"MSD\");\n  expect(response.body.tourist_email).to.eq(\"INDCAP@gmail.com\");\n  expect(response.body.tourist_location).to.eq(\"India\");\n});",
              "err": {
                "message": "CypressError: `cy.request()` failed on:\n\nhttp://restapi.adequateshop.com/api/Tourist\n\nThe response we received from your web server was:\n\n  > 400: Bad Request\n\nThis was considered a failure because the status code was not `2xx` or `3xx`.\n\nIf you do not want status codes to cause failures pass the option: `failOnStatusCode: false`\n\n-----------------------------------------------------------\n\nThe request we sent was:\n\nMethod: POST\nURL: http://restapi.adequateshop.com/api/Tourist\nHeaders: {\n  \"Connection\": \"keep-alive\",\n  \"user-agent\": \"Mozilla/5.0 (Windows NT 10.0; Win64; x64) AppleWebKit/537.36 (KHTML, like Gecko) Cypress/13.3.1 Chrome/114.0.5735.289 Electron/25.8.4 Safari/537.36\",\n  \"accept\": \"*/*\",\n  \"accept-encoding\": \"gzip, deflate\",\n  \"content-type\": \"application/json\",\n  \"content-length\": 84\n}\nBody: {\"tourist_name\":\"MSD\",\"tourist_email\":\"INDCAP@gmail.com\",\"tourist_location\":\"India\"}\n\n-----------------------------------------------------------\n\nThe response we got was:\n\nStatus: 400 - Bad Request\nHeaders: {\n  \"cache-control\": \"no-cache\",\n  \"pragma\": \"no-cache\",\n  \"content-type\": \"application/json; charset=utf-8\",\n  \"expires\": \"-1\",\n  \"server\": \"Microsoft-IIS/10.0\",\n  \"x-aspnet-version\": \"4.0.30319\",\n  \"x-powered-by\": \"ASP.NET\",\n  \"date\": \"Wed, 01 Nov 2023 09:33:09 GMT\",\n  \"content-length\": \"53\"\n}\nBody: {\n  \"Message\": \"Pleae try with different email address!\"\n}\n\n\nhttps://on.cypress.io/request",
                "estack": "CypressError: `cy.request()` failed on:\n\nhttp://restapi.adequateshop.com/api/Tourist\n\nThe response we received from your web server was:\n\n  > 400: Bad Request\n\nThis was considered a failure because the status code was not `2xx` or `3xx`.\n\nIf you do not want status codes to cause failures pass the option: `failOnStatusCode: false`\n\n-----------------------------------------------------------\n\nThe request we sent was:\n\nMethod: POST\nURL: http://restapi.adequateshop.com/api/Tourist\nHeaders: {\n  \"Connection\": \"keep-alive\",\n  \"user-agent\": \"Mozilla/5.0 (Windows NT 10.0; Win64; x64) AppleWebKit/537.36 (KHTML, like Gecko) Cypress/13.3.1 Chrome/114.0.5735.289 Electron/25.8.4 Safari/537.36\",\n  \"accept\": \"*/*\",\n  \"accept-encoding\": \"gzip, deflate\",\n  \"content-type\": \"application/json\",\n  \"content-length\": 84\n}\nBody: {\"tourist_name\":\"MSD\",\"tourist_email\":\"INDCAP@gmail.com\",\"tourist_location\":\"India\"}\n\n-----------------------------------------------------------\n\nThe response we got was:\n\nStatus: 400 - Bad Request\nHeaders: {\n  \"cache-control\": \"no-cache\",\n  \"pragma\": \"no-cache\",\n  \"content-type\": \"application/json; charset=utf-8\",\n  \"expires\": \"-1\",\n  \"server\": \"Microsoft-IIS/10.0\",\n  \"x-aspnet-version\": \"4.0.30319\",\n  \"x-powered-by\": \"ASP.NET\",\n  \"date\": \"Wed, 01 Nov 2023 09:33:09 GMT\",\n  \"content-length\": \"53\"\n}\nBody: {\n  \"Message\": \"Pleae try with different email address!\"\n}\n\n\nhttps://on.cypress.io/request\n    at <unknown> (http://localhost:50364/__cypress/runner/cypress_runner.js:133251:72)\n    at tryCatcher (http://localhost:50364/__cypress/runner/cypress_runner.js:1807:23)\n    at Promise._settlePromiseFromHandler (http://localhost:50364/__cypress/runner/cypress_runner.js:1519:31)\n    at Promise._settlePromise (http://localhost:50364/__cypress/runner/cypress_runner.js:1576:18)\n    at Promise._settlePromise0 (http://localhost:50364/__cypress/runner/cypress_runner.js:1621:10)\n    at Promise._settlePromises (http://localhost:50364/__cypress/runner/cypress_runner.js:1701:18)\n    at _drainQueueStep (http://localhost:50364/__cypress/runner/cypress_runner.js:2407:12)\n    at _drainQueue (http://localhost:50364/__cypress/runner/cypress_runner.js:2400:9)\n    at Async._drainQueues (http://localhost:50364/__cypress/runner/cypress_runner.js:2416:5)\n    at Async.drainQueues (http://localhost:50364/__cypress/runner/cypress_runner.js:2286:14)\nFrom Your Spec Code:\n    at Context.eval (cypress/integration/examples/APITesting/POSTCall.js:10:15)",
                "diff": null
              },
              "uuid": "42140ac0-fcb0-4976-abed-4b89853b9c27",
              "parentUUID": "ef8224f1-0b8f-42bf-989f-c62835a969c5",
              "isHook": false,
              "skipped": false
            }
          ],
          "suites": [],
          "passes": [],
          "failures": [
            "42140ac0-fcb0-4976-abed-4b89853b9c27"
          ],
          "pending": [],
          "skipped": [],
          "duration": 383,
          "root": false,
          "rootEmpty": false,
          "_timeout": 2000
        }
      ],
      "passes": [],
      "failures": [],
      "pending": [],
      "skipped": [],
      "duration": 0,
      "root": true,
      "rootEmpty": true,
      "_timeout": 2000
    }
  ],
  "meta": {
    "mocha": {
      "version": "7.0.1"
    },
    "mochawesome": {
      "options": {
        "quiet": false,
        "reportFilename": "mochawesome",
        "saveHtml": false,
        "saveJson": true,
        "consoleReporter": "spec",
        "useInlineDiffs": false,
        "code": true
      },
      "version": "7.1.3"
    },
    "marge": {
      "options": {
        "overwrite": false,
        "html": false,
        "json": true,
        "reportDir": "cypress\\reports\\html\\.jsons"
      },
      "version": "6.2.0"
    }
  }
}