{
  "stats": {
    "suites": 1,
    "tests": 1,
    "passes": 1,
    "pending": 0,
    "failures": 0,
    "start": "2023-10-29T08:24:14.531Z",
    "end": "2023-10-29T08:24:20.863Z",
    "duration": 6332,
    "testsRegistered": 1,
    "passPercent": 100,
    "pendingPercent": 0,
    "other": 0,
    "hasOther": false,
    "skipped": 0,
    "hasSkipped": false
  },
  "results": [
    {
      "uuid": "19105f8e-c36c-4c22-b97f-db53557c0232",
      "title": "",
      "fullFile": "cypress\\integration\\examples\\Test2.js",
      "file": "cypress\\integration\\examples\\Test2.js",
      "beforeHooks": [],
      "afterHooks": [],
      "tests": [],
      "suites": [
        {
          "uuid": "dce2e6dc-8432-47ef-82ab-8d47eb508b4a",
          "title": "My Second Test Suite",
          "fullFile": "",
          "file": "",
          "beforeHooks": [],
          "afterHooks": [],
          "tests": [
            {
              "title": "My Second test case",
              "fullTitle": "My Second Test Suite My Second test case",
              "timedOut": null,
              "duration": 4573,
              "state": "passed",
              "speed": "fast",
              "pass": true,
              "fail": false,
              "pending": false,
              "context": null,
              "code": "// test steps\ncy.visit(\"https://rahulshettyacademy.com/seleniumPractise/#/\");\n// in selenium get is used to open the url in cypress it's work like findelement\ncy.get('input.search-keyword').type('ca');\ncy.wait(2000);\ncy.get('div.products').as('productLocator'); // we can use alising like this if we'll use it mutliple time same locator\n//click the product name via searching it's name first\ncy.get('@productLocator').find('.product').each(function ($el, index, $list) {\n  var vegText = $el.find('h4.product-name').text();\n  if (vegText.includes('Cashews')) {\n    cy.wrap($el).find('button').click(); // we use cy.wrape to resolve the pomise then click method will work with find method else it's get depricated.\n  }\n});\ncy.get('img[alt=\"Cart\"]').click();\ncy.contains('PROCEED TO CHECKOUT').click();\ncy.contains('Place Order').click();\n//cy.get('[style=\"text-align: right; width: 100%; margin-top: 20px; margin-right: 10px;\"]>:nth-child(14)').click()\ncy.get('div.wrapperTwo>div>select').select('India').should('have.value', 'India');\ncy.get('input.chkAgree').click();\ncy.contains('Proceed').click();",
              "err": {},
              "uuid": "a1ddb593-b720-47e1-b461-734327b3ee76",
              "parentUUID": "dce2e6dc-8432-47ef-82ab-8d47eb508b4a",
              "isHook": false,
              "skipped": false
            }
          ],
          "suites": [],
          "passes": [
            "a1ddb593-b720-47e1-b461-734327b3ee76"
          ],
          "failures": [],
          "pending": [],
          "skipped": [],
          "duration": 4573,
          "root": false,
          "rootEmpty": false,
          "_timeout": 2000
        }
      ],
      "passes": [],
      "failures": [],
      "pending": [],
      "skipped": [],
      "duration": 0,
      "root": true,
      "rootEmpty": true,
      "_timeout": 2000
    }
  ],
  "meta": {
    "mocha": {
      "version": "7.0.1"
    },
    "mochawesome": {
      "options": {
        "quiet": false,
        "reportFilename": "mochawesome",
        "saveHtml": false,
        "saveJson": true,
        "consoleReporter": "spec",
        "useInlineDiffs": false,
        "code": true
      },
      "version": "7.1.3"
    },
    "marge": {
      "options": {
        "overwrite": false,
        "html": false,
        "json": true,
        "reportDir": "cypress\\reports\\html\\.jsons"
      },
      "version": "6.2.0"
    }
  }
}