{
  "stats": {
    "suites": 1,
    "tests": 1,
    "passes": 1,
    "pending": 0,
    "failures": 0,
    "start": "2023-10-29T08:25:23.077Z",
    "end": "2023-10-29T08:25:27.455Z",
    "duration": 4378,
    "testsRegistered": 1,
    "passPercent": 100,
    "pendingPercent": 0,
    "other": 0,
    "hasOther": false,
    "skipped": 0,
    "hasSkipped": false
  },
  "results": [
    {
      "uuid": "364a2871-c6e2-4b5c-a02d-5f542e06cffc",
      "title": "",
      "fullFile": "cypress\\integration\\examples\\Test6FrameWork.js",
      "file": "cypress\\integration\\examples\\Test6FrameWork.js",
      "beforeHooks": [],
      "afterHooks": [],
      "tests": [],
      "suites": [
        {
          "uuid": "7b4af1ec-5ebc-4a65-9598-6a39c4e2b4eb",
          "title": "My Fifth Test Suite",
          "fullFile": "",
          "file": "",
          "beforeHooks": [],
          "afterHooks": [],
          "tests": [
            {
              "title": "data drive from fixture",
              "fullTitle": "My Fifth Test Suite data drive from fixture",
              "timedOut": null,
              "duration": 2620,
              "state": "passed",
              "speed": "fast",
              "pass": true,
              "fail": false,
              "pending": false,
              "context": null,
              "code": "cy.visit(\"https://rahulshettyacademy.com/angularpractice/\");\ncy.get('div[class=\"form-group\"]:nth-child(1)>input').type(this.data.name);\ncy.get('#exampleFormControlSelect1').select(this.data.gender);\ncy.get('h4 input[type=\"text\"]').should('have.value', this.data.name);\ncy.get('div[class=\"form-group\"]:nth-child(1)>input').should('have.attr', 'minlength', 2);\ncy.get('#inlineRadio3').should('be.disabled');\n//cy.pause(); // pause the exucution and we can debug.\ncy.get('a[href$=\"shop\"]').click();\n//cy.selectProduct('Blackberry');\ncy.selectProduct('Nokia');\n//cy.selectProduct(this.data.productName);\n// this.data.productName.forEach(function(element) {  // run multiple time based on the index present in the productName array in example.json file\n//     cy.selectProduct(element);\n// });",
              "err": {},
              "uuid": "a0a11f23-00d9-47b4-80c8-829526a8d971",
              "parentUUID": "7b4af1ec-5ebc-4a65-9598-6a39c4e2b4eb",
              "isHook": false,
              "skipped": false
            }
          ],
          "suites": [],
          "passes": [
            "a0a11f23-00d9-47b4-80c8-829526a8d971"
          ],
          "failures": [],
          "pending": [],
          "skipped": [],
          "duration": 2620,
          "root": false,
          "rootEmpty": false,
          "_timeout": 2000
        }
      ],
      "passes": [],
      "failures": [],
      "pending": [],
      "skipped": [],
      "duration": 0,
      "root": true,
      "rootEmpty": true,
      "_timeout": 2000
    }
  ],
  "meta": {
    "mocha": {
      "version": "7.0.1"
    },
    "mochawesome": {
      "options": {
        "quiet": false,
        "reportFilename": "mochawesome",
        "saveHtml": false,
        "saveJson": true,
        "consoleReporter": "spec",
        "useInlineDiffs": false,
        "code": true
      },
      "version": "7.1.3"
    },
    "marge": {
      "options": {
        "overwrite": false,
        "html": false,
        "json": true,
        "reportDir": "cypress\\reports\\html\\.jsons"
      },
      "version": "6.2.0"
    }
  }
}