{
  "stats": {
    "suites": 1,
    "tests": 1,
    "passes": 1,
    "pending": 0,
    "failures": 0,
    "start": "2023-11-01T09:20:49.253Z",
    "end": "2023-11-01T09:20:50.394Z",
    "duration": 1141,
    "testsRegistered": 1,
    "passPercent": 100,
    "pendingPercent": 0,
    "other": 0,
    "hasOther": false,
    "skipped": 0,
    "hasSkipped": false
  },
  "results": [
    {
      "uuid": "9816ccab-9e52-4db2-a52e-101c3f00d064",
      "title": "",
      "fullFile": "cypress\\integration\\examples\\APITesting\\POSTCall.js",
      "file": "cypress\\integration\\examples\\APITesting\\POSTCall.js",
      "beforeHooks": [],
      "afterHooks": [],
      "tests": [],
      "suites": [
        {
          "uuid": "3fd22d6c-d98d-4365-beab-2520a96f8bd5",
          "title": "API Testing",
          "fullFile": "",
          "file": "",
          "beforeHooks": [],
          "afterHooks": [],
          "tests": [
            {
              "title": "Approach-1 Hard coded json object",
              "fullTitle": "API Testing Approach-1 Hard coded json object",
              "timedOut": null,
              "duration": 1102,
              "state": "passed",
              "speed": "fast",
              "pass": true,
              "fail": false,
              "pending": false,
              "context": null,
              "code": "var responseBody = {\n  name: \"Arindam\",\n  job: \"SDET\"\n};\ncy.request({\n  method: 'POST',\n  url: 'https://reqres.in/api/users?page=2',\n  body: responseBody\n}).then(function (response) {\n  expect(response.status).to.eq(201);\n  expect(response.body.name).to.eq(\"Arindam\");\n  expect(response.body.job).to.eq(\"SDET\");\n});",
              "err": {},
              "uuid": "1f131136-200a-40d3-a08e-5264a11ba7d2",
              "parentUUID": "3fd22d6c-d98d-4365-beab-2520a96f8bd5",
              "isHook": false,
              "skipped": false
            }
          ],
          "suites": [],
          "passes": [
            "1f131136-200a-40d3-a08e-5264a11ba7d2"
          ],
          "failures": [],
          "pending": [],
          "skipped": [],
          "duration": 1102,
          "root": false,
          "rootEmpty": false,
          "_timeout": 2000
        }
      ],
      "passes": [],
      "failures": [],
      "pending": [],
      "skipped": [],
      "duration": 0,
      "root": true,
      "rootEmpty": true,
      "_timeout": 2000
    }
  ],
  "meta": {
    "mocha": {
      "version": "7.0.1"
    },
    "mochawesome": {
      "options": {
        "quiet": false,
        "reportFilename": "mochawesome",
        "saveHtml": false,
        "saveJson": true,
        "consoleReporter": "spec",
        "useInlineDiffs": false,
        "code": true
      },
      "version": "7.1.3"
    },
    "marge": {
      "options": {
        "overwrite": false,
        "html": false,
        "json": true,
        "reportDir": "cypress\\reports\\html\\.jsons"
      },
      "version": "6.2.0"
    }
  }
}