{
  "stats": {
    "suites": 1,
    "tests": 1,
    "passes": 0,
    "pending": 0,
    "failures": 1,
    "start": "2023-11-01T10:03:53.975Z",
    "end": "2023-11-01T10:03:54.693Z",
    "duration": 718,
    "testsRegistered": 1,
    "passPercent": 0,
    "pendingPercent": 0,
    "other": 0,
    "hasOther": false,
    "skipped": 0,
    "hasSkipped": false
  },
  "results": [
    {
      "uuid": "53c35ec8-3405-4a88-a501-8f15edb7119f",
      "title": "",
      "fullFile": "cypress\\integration\\examples\\APITesting\\POSTCall.js",
      "file": "cypress\\integration\\examples\\APITesting\\POSTCall.js",
      "beforeHooks": [],
      "afterHooks": [],
      "tests": [],
      "suites": [
        {
          "uuid": "cabd0baa-a625-4294-9214-5d40653363a8",
          "title": "API Testing",
          "fullFile": "",
          "file": "",
          "beforeHooks": [],
          "afterHooks": [],
          "tests": [
            {
              "title": "Approach-3 getting JSON data from fixture file",
              "fullTitle": "API Testing Approach-3 getting JSON data from fixture file",
              "timedOut": null,
              "duration": 342,
              "state": "failed",
              "speed": null,
              "pass": false,
              "fail": true,
              "pending": false,
              "context": "{\n  \"title\": \"cypress-mochawesome-reporter-screenshots\",\n  \"value\": [\n    [\n      \"\\\\POSTCall.js\\\\API Testing -- Approach-3 getting JSON data from fixture file (failed).png\"\n    ],\n    [\n      \"\\\\POSTCall.js\\\\API Testing -- Approach-3 getting JSON data from fixture file (failed) (attempt 2).png\"\n    ]\n  ]\n}",
              "code": "var data;\ncy.fixture('tourist').then(function (fixturesData) {\n  data = fixturesData;\n});\ncy.request({\n  method: 'POST',\n  url: 'http://restapi.adequateshop.com/api/Tourist',\n  body: requestBody\n}).then(function (response) {\n  expect(response.status).to.eq(201);\n  expect(response.body.tourist_name).to.eq(data.tourist_name);\n  expect(response.body.tourist_email).to.eq(data.tourist_email);\n  expect(response.body.tourist_location).to.eq(data.tourist_location);\n});",
              "err": {
                "message": "ReferenceError: requestBody is not defined",
                "estack": "ReferenceError: requestBody is not defined\n    at Context.eval (cypress/integration/examples/APITesting/POSTCall.js:51:15)",
                "diff": null
              },
              "uuid": "e5e7cebd-1e10-43f3-b643-addbb1471932",
              "parentUUID": "cabd0baa-a625-4294-9214-5d40653363a8",
              "isHook": false,
              "skipped": false
            }
          ],
          "suites": [],
          "passes": [],
          "failures": [
            "e5e7cebd-1e10-43f3-b643-addbb1471932"
          ],
          "pending": [],
          "skipped": [],
          "duration": 342,
          "root": false,
          "rootEmpty": false,
          "_timeout": 2000
        }
      ],
      "passes": [],
      "failures": [],
      "pending": [],
      "skipped": [],
      "duration": 0,
      "root": true,
      "rootEmpty": true,
      "_timeout": 2000
    }
  ],
  "meta": {
    "mocha": {
      "version": "7.0.1"
    },
    "mochawesome": {
      "options": {
        "quiet": false,
        "reportFilename": "mochawesome",
        "saveHtml": false,
        "saveJson": true,
        "consoleReporter": "spec",
        "useInlineDiffs": false,
        "code": true
      },
      "version": "7.1.3"
    },
    "marge": {
      "options": {
        "overwrite": false,
        "html": false,
        "json": true,
        "reportDir": "cypress\\reports\\html\\.jsons"
      },
      "version": "6.2.0"
    }
  }
}