{
  "stats": {
    "suites": 1,
    "tests": 1,
    "passes": 1,
    "pending": 0,
    "failures": 0,
    "start": "2023-11-01T13:24:23.729Z",
    "end": "2023-11-01T13:24:27.621Z",
    "duration": 3892,
    "testsRegistered": 1,
    "passPercent": 100,
    "pendingPercent": 0,
    "other": 0,
    "hasOther": false,
    "skipped": 0,
    "hasSkipped": false
  },
  "results": [
    {
      "uuid": "7d5b4bcc-e847-473b-a825-5388c3c076a4",
      "title": "",
      "fullFile": "cypress\\integration\\examples\\APITesting\\HeadersAndCookies.js",
      "file": "cypress\\integration\\examples\\APITesting\\HeadersAndCookies.js",
      "beforeHooks": [],
      "afterHooks": [],
      "tests": [],
      "suites": [
        {
          "uuid": "39bfa045-6216-4274-80a7-12c63470df6b",
          "title": "API Testing",
          "fullFile": "",
          "file": "",
          "beforeHooks": [],
          "afterHooks": [],
          "tests": [
            {
              "title": "Fetching the orders",
              "fullTitle": "API Testing Fetching the orders",
              "timedOut": null,
              "duration": 3801,
              "state": "passed",
              "speed": "fast",
              "pass": true,
              "fail": false,
              "pending": false,
              "context": null,
              "code": "cy.request({\n  method: 'GET',\n  url: 'https://simple-books-api.glitch.me/orders',\n  headers: {\n    'Content-Type': 'application/json',\n    'Authorization': 'Bearer ' + authToken\n  },\n  cookies: {\n    'cookiesName': 'mycookie'\n  }\n}).then(function (response) {\n  expect(response.status).to.eq(200);\n  expect(response.body).has.length(1);\n});",
              "err": {},
              "uuid": "a4cd9dc0-c6dc-4a99-b4a6-c5c258023831",
              "parentUUID": "39bfa045-6216-4274-80a7-12c63470df6b",
              "isHook": false,
              "skipped": false
            }
          ],
          "suites": [],
          "passes": [
            "a4cd9dc0-c6dc-4a99-b4a6-c5c258023831"
          ],
          "failures": [],
          "pending": [],
          "skipped": [],
          "duration": 3801,
          "root": false,
          "rootEmpty": false,
          "_timeout": 2000
        }
      ],
      "passes": [],
      "failures": [],
      "pending": [],
      "skipped": [],
      "duration": 0,
      "root": true,
      "rootEmpty": true,
      "_timeout": 2000
    }
  ],
  "meta": {
    "mocha": {
      "version": "7.0.1"
    },
    "mochawesome": {
      "options": {
        "quiet": false,
        "reportFilename": "mochawesome",
        "saveHtml": false,
        "saveJson": true,
        "consoleReporter": "spec",
        "useInlineDiffs": false,
        "code": true
      },
      "version": "7.1.3"
    },
    "marge": {
      "options": {
        "overwrite": false,
        "html": false,
        "json": true,
        "reportDir": "cypress\\reports\\html\\.jsons"
      },
      "version": "6.2.0"
    }
  }
}