{
  "stats": {
    "suites": 1,
    "tests": 1,
    "passes": 1,
    "pending": 0,
    "failures": 0,
    "start": "2023-11-01T11:18:05.022Z",
    "end": "2023-11-01T11:18:05.408Z",
    "duration": 386,
    "testsRegistered": 1,
    "passPercent": 100,
    "pendingPercent": 0,
    "other": 0,
    "hasOther": false,
    "skipped": 0,
    "hasSkipped": false
  },
  "results": [
    {
      "uuid": "b573f24c-c57e-4619-b2c0-ffa1c77a98e7",
      "title": "",
      "fullFile": "cypress\\integration\\examples\\APITesting\\POSTCall.js",
      "file": "cypress\\integration\\examples\\APITesting\\POSTCall.js",
      "beforeHooks": [],
      "afterHooks": [],
      "tests": [],
      "suites": [
        {
          "uuid": "a4b712e9-b678-4734-be46-ceee9c2f9644",
          "title": "API Testing",
          "fullFile": "",
          "file": "",
          "beforeHooks": [],
          "afterHooks": [],
          "tests": [
            {
              "title": "Approach-3 getting JSON data from fixture file",
              "fullTitle": "API Testing Approach-3 getting JSON data from fixture file",
              "timedOut": null,
              "duration": 327,
              "state": "passed",
              "speed": "fast",
              "pass": true,
              "fail": false,
              "pending": false,
              "context": null,
              "code": "var data;\ncy.fixture('tourist').then(function (fixturesData) {\n  var requestBody = fixturesData;\n  cy.request({\n    method: 'POST',\n    url: 'http://restapi.adequateshop.com/api/Tourist',\n    body: requestBody\n  }).then(function (response) {\n    expect(response.status).to.eq(201);\n    expect(response.body.tourist_name).to.eq(requestBody.tourist_name);\n    expect(response.body.tourist_email).to.eq(requestBody.tourist_email);\n    expect(response.body.tourist_location).to.eq(requestBody.tourist_location);\n    expect(response.body).has.property('tourist_name', requestBody.tourist_name);\n    expect(response.body).to.have.property('tourist_email', requestBody.tourist_email);\n  });\n});",
              "err": {},
              "uuid": "a6df55ec-4353-422f-a5ea-53e62ec98865",
              "parentUUID": "a4b712e9-b678-4734-be46-ceee9c2f9644",
              "isHook": false,
              "skipped": false
            }
          ],
          "suites": [],
          "passes": [
            "a6df55ec-4353-422f-a5ea-53e62ec98865"
          ],
          "failures": [],
          "pending": [],
          "skipped": [],
          "duration": 327,
          "root": false,
          "rootEmpty": false,
          "_timeout": 2000
        }
      ],
      "passes": [],
      "failures": [],
      "pending": [],
      "skipped": [],
      "duration": 0,
      "root": true,
      "rootEmpty": true,
      "_timeout": 2000
    }
  ],
  "meta": {
    "mocha": {
      "version": "7.0.1"
    },
    "mochawesome": {
      "options": {
        "quiet": false,
        "reportFilename": "mochawesome",
        "saveHtml": false,
        "saveJson": true,
        "consoleReporter": "spec",
        "useInlineDiffs": false,
        "code": true
      },
      "version": "7.1.3"
    },
    "marge": {
      "options": {
        "overwrite": false,
        "html": false,
        "json": true,
        "reportDir": "cypress\\reports\\html\\.jsons"
      },
      "version": "6.2.0"
    }
  }
}