{
  "stats": {
    "suites": 1,
    "tests": 1,
    "passes": 1,
    "pending": 0,
    "failures": 0,
    "start": "2023-10-29T08:25:12.163Z",
    "end": "2023-10-29T08:25:21.464Z",
    "duration": 9301,
    "testsRegistered": 1,
    "passPercent": 100,
    "pendingPercent": 0,
    "other": 0,
    "hasOther": false,
    "skipped": 0,
    "hasSkipped": false
  },
  "results": [
    {
      "uuid": "cbabc014-2934-4532-8298-b2ee1b33f2ea",
      "title": "",
      "fullFile": "cypress\\integration\\examples\\Test6.js",
      "file": "cypress\\integration\\examples\\Test6.js",
      "beforeHooks": [],
      "afterHooks": [],
      "tests": [],
      "suites": [
        {
          "uuid": "dc666516-fdcb-492b-ba6a-5be9938354c3",
          "title": "My Fifth Test Suite",
          "fullFile": "",
          "file": "",
          "beforeHooks": [],
          "afterHooks": [],
          "tests": [
            {
              "title": "Work on iframe",
              "fullTitle": "My Fifth Test Suite Work on iframe",
              "timedOut": null,
              "duration": 7128,
              "state": "passed",
              "speed": "medium",
              "pass": true,
              "fail": false,
              "pending": false,
              "context": null,
              "code": "// Iframe - To work on iframe first install the iframe using npm command  (npm install -D cypress-iframe )\ncy.visit(\"https://rahulshettyacademy.com/AutomationPractice/\");\ncy.frameLoaded('#courses-iframe'); // load that frame and give the knowledge to the object \ncy.iframe().find('a[class=\"theme-btn\"]').eq(0).click(); // and always use cy.iframe at starting when work on iframe",
              "err": {},
              "uuid": "f34f7ef7-e76a-478a-b7b9-06e678672445",
              "parentUUID": "dc666516-fdcb-492b-ba6a-5be9938354c3",
              "isHook": false,
              "skipped": false
            }
          ],
          "suites": [],
          "passes": [
            "f34f7ef7-e76a-478a-b7b9-06e678672445"
          ],
          "failures": [],
          "pending": [],
          "skipped": [],
          "duration": 7128,
          "root": false,
          "rootEmpty": false,
          "_timeout": 2000
        }
      ],
      "passes": [],
      "failures": [],
      "pending": [],
      "skipped": [],
      "duration": 0,
      "root": true,
      "rootEmpty": true,
      "_timeout": 2000
    }
  ],
  "meta": {
    "mocha": {
      "version": "7.0.1"
    },
    "mochawesome": {
      "options": {
        "quiet": false,
        "reportFilename": "mochawesome",
        "saveHtml": false,
        "saveJson": true,
        "consoleReporter": "spec",
        "useInlineDiffs": false,
        "code": true
      },
      "version": "7.1.3"
    },
    "marge": {
      "options": {
        "overwrite": false,
        "html": false,
        "json": true,
        "reportDir": "cypress\\reports\\html\\.jsons"
      },
      "version": "6.2.0"
    }
  }
}